2020-05-09 13:29:41,565 [main] INFO  [com.keeper.national.admin.AdminApplication] SpringApplication.java:655 - The following profiles are active: dev
2020-05-09 13:29:42,419 [main] INFO  [o.s.d.r.config.RepositoryConfigurationDelegate] RepositoryConfigurationDelegate.java:249 - Multiple Spring Data modules found, entering strict repository configuration mode!
2020-05-09 13:29:42,422 [main] INFO  [o.s.d.r.config.RepositoryConfigurationDelegate] RepositoryConfigurationDelegate.java:127 - Bootstrapping Spring Data Elasticsearch repositories in DEFAULT mode.
2020-05-09 13:29:42,498 [main] INFO  [o.s.d.r.config.RepositoryConfigurationDelegate] RepositoryConfigurationDelegate.java:187 - Finished Spring Data repository scanning in 68ms. Found 1 Elasticsearch repository interfaces.
2020-05-09 13:29:42,505 [main] INFO  [o.s.d.r.config.RepositoryConfigurationDelegate] RepositoryConfigurationDelegate.java:249 - Multiple Spring Data modules found, entering strict repository configuration mode!
2020-05-09 13:29:42,506 [main] INFO  [o.s.d.r.config.RepositoryConfigurationDelegate] RepositoryConfigurationDelegate.java:127 - Bootstrapping Spring Data Reactive Elasticsearch repositories in DEFAULT mode.
2020-05-09 13:29:42,513 [main] INFO  [o.s.d.r.config.RepositoryConfigurationDelegate] RepositoryConfigurationDelegate.java:187 - Finished Spring Data repository scanning in 6ms. Found 0 Reactive Elasticsearch repository interfaces.
2020-05-09 13:29:42,539 [main] INFO  [o.s.d.r.config.RepositoryConfigurationDelegate] RepositoryConfigurationDelegate.java:249 - Multiple Spring Data modules found, entering strict repository configuration mode!
2020-05-09 13:29:42,541 [main] INFO  [o.s.d.r.config.RepositoryConfigurationDelegate] RepositoryConfigurationDelegate.java:127 - Bootstrapping Spring Data Redis repositories in DEFAULT mode.
2020-05-09 13:29:42,559 [main] INFO  [o.s.d.r.c.RepositoryConfigurationExtensionSupport] RepositoryConfigurationExtensionSupport.java:348 - Spring Data Redis - Could not safely identify store assignment for repository candidate interface com.keeper.national.admin.repository.EsRepository. If you want this repository to be a Redis repository, consider annotating your entities with one of these annotations: org.springframework.data.redis.core.RedisHash (preferred), or consider extending one of the following types with your repository: org.springframework.data.keyvalue.repository.KeyValueRepository.
2020-05-09 13:29:42,560 [main] INFO  [o.s.d.r.config.RepositoryConfigurationDelegate] RepositoryConfigurationDelegate.java:187 - Finished Spring Data repository scanning in 6ms. Found 0 Redis repository interfaces.
2020-05-09 13:29:42,844 [main] INFO  [o.springframework.cloud.context.scope.GenericScope] GenericScope.java:295 - BeanFactory id=1a692462-ae7d-3c17-b856-28858092f20f
2020-05-09 13:29:43,523 [main] INFO  [o.s.boot.web.embedded.tomcat.TomcatWebServer] TomcatWebServer.java:92 - Tomcat initialized with port(s): 8080 (http)
2020-05-09 13:29:43,534 [main] INFO  [org.apache.catalina.core.StandardService] DirectJDKLog.java:173 - Starting service [Tomcat]
2020-05-09 13:29:43,535 [main] INFO  [org.apache.catalina.core.StandardEngine] DirectJDKLog.java:173 - Starting Servlet engine: [Apache Tomcat/9.0.33]
2020-05-09 13:29:43,653 [main] INFO  [o.a.c.core.ContainerBase.[Tomcat].[localhost].[/]] DirectJDKLog.java:173 - Initializing Spring embedded WebApplicationContext
2020-05-09 13:29:43,653 [main] INFO  [org.springframework.web.context.ContextLoader] ServletWebServerApplicationContext.java:284 - Root WebApplicationContext: initialization completed in 2073 ms
2020-05-09 13:29:44,161 [main] INFO  [com.zaxxer.hikari.HikariDataSource] HikariDataSource.java:110 - HikariPool-1 - Starting...
2020-05-09 13:29:44,334 [main] INFO  [com.zaxxer.hikari.HikariDataSource] HikariDataSource.java:123 - HikariPool-1 - Start completed.
2020-05-09 13:29:44,344 [main] INFO  [com.zaxxer.hikari.HikariDataSource] HikariDataSource.java:110 - HikariPool-2 - Starting...
2020-05-09 13:29:44,350 [main] INFO  [com.zaxxer.hikari.HikariDataSource] HikariDataSource.java:123 - HikariPool-2 - Start completed.
2020-05-09 13:29:45,561 [main] INFO  [org.elasticsearch.plugins.PluginsService] PluginsService.java:197 - no modules loaded
2020-05-09 13:29:45,563 [main] INFO  [org.elasticsearch.plugins.PluginsService] PluginsService.java:200 - loaded plugin [org.elasticsearch.index.reindex.ReindexPlugin]
2020-05-09 13:29:45,563 [main] INFO  [org.elasticsearch.plugins.PluginsService] PluginsService.java:200 - loaded plugin [org.elasticsearch.join.ParentJoinPlugin]
2020-05-09 13:29:45,564 [main] INFO  [org.elasticsearch.plugins.PluginsService] PluginsService.java:200 - loaded plugin [org.elasticsearch.percolator.PercolatorPlugin]
2020-05-09 13:29:45,564 [main] INFO  [org.elasticsearch.plugins.PluginsService] PluginsService.java:200 - loaded plugin [org.elasticsearch.script.mustache.MustachePlugin]
2020-05-09 13:29:45,564 [main] INFO  [org.elasticsearch.plugins.PluginsService] PluginsService.java:200 - loaded plugin [org.elasticsearch.transport.Netty4Plugin]
2020-05-09 13:29:46,556 [main] INFO  [org.elasticsearch.plugins.PluginsService] PluginsService.java:197 - no modules loaded
2020-05-09 13:29:46,556 [main] INFO  [org.elasticsearch.plugins.PluginsService] PluginsService.java:200 - loaded plugin [org.elasticsearch.index.reindex.ReindexPlugin]
2020-05-09 13:29:46,557 [main] INFO  [org.elasticsearch.plugins.PluginsService] PluginsService.java:200 - loaded plugin [org.elasticsearch.join.ParentJoinPlugin]
2020-05-09 13:29:46,557 [main] INFO  [org.elasticsearch.plugins.PluginsService] PluginsService.java:200 - loaded plugin [org.elasticsearch.percolator.PercolatorPlugin]
2020-05-09 13:29:46,557 [main] INFO  [org.elasticsearch.plugins.PluginsService] PluginsService.java:200 - loaded plugin [org.elasticsearch.script.mustache.MustachePlugin]
2020-05-09 13:29:46,558 [main] INFO  [org.elasticsearch.plugins.PluginsService] PluginsService.java:200 - loaded plugin [org.elasticsearch.transport.Netty4Plugin]
2020-05-09 13:29:46,712 [main] INFO  [o.s.d.e.client.TransportClientFactoryBean] TransportClientFactoryBean.java:88 - Adding transport node : 127.0.0.1:9300
2020-05-09 13:29:47,364 [main] INFO  [s.d.s.w.PropertySourcedRequestMappingHandlerMapping] PropertySourcedRequestMappingHandlerMapping.java:69 - Mapped URL path [/v2/api-docs] onto method [springfox.documentation.swagger2.web.Swagger2Controller#getDocumentation(String, HttpServletRequest)]
2020-05-09 13:29:47,389 [main] WARN  [com.netflix.config.sources.URLConfigurationSource] URLConfigurationSource.java:121 - No URLs will be polled as dynamic configuration sources.
2020-05-09 13:29:47,389 [main] INFO  [com.netflix.config.sources.URLConfigurationSource] URLConfigurationSource.java:122 - To enable URLs as dynamic configuration sources, define System property archaius.configurationSource.additionalUrls or make config.properties available on classpath.
2020-05-09 13:29:47,395 [main] WARN  [com.netflix.config.sources.URLConfigurationSource] URLConfigurationSource.java:121 - No URLs will be polled as dynamic configuration sources.
2020-05-09 13:29:47,395 [main] INFO  [com.netflix.config.sources.URLConfigurationSource] URLConfigurationSource.java:122 - To enable URLs as dynamic configuration sources, define System property archaius.configurationSource.additionalUrls or make config.properties available on classpath.
2020-05-09 13:29:47,586 [main] INFO  [o.s.scheduling.concurrent.ThreadPoolTaskExecutor] ExecutorConfigurationSupport.java:181 - Initializing ExecutorService 'applicationTaskExecutor'
2020-05-09 13:29:48,460 [main] WARN  [o.s.c.l.c.BlockingLoadBalancerClientAutoConfiguration$BlockingLoadBalancerClientRibbonWarnLogger] BlockingLoadBalancerClientAutoConfiguration.java:86 - You already have RibbonLoadBalancerClient on your classpath. It will be used by default. As Spring Cloud Ribbon is in maintenance mode. We recommend switching to BlockingLoadBalancerClient instead. In order to use it, set the value of `spring.cloud.loadbalancer.ribbon.enabled` to `false` or remove spring-cloud-starter-netflix-ribbon from your project.
2020-05-09 13:29:48,586 [main] INFO  [o.s.cloud.netflix.eureka.InstanceInfoFactory] InstanceInfoFactory.java:72 - Setting initial instance status as: STARTING
2020-05-09 13:29:48,638 [main] INFO  [com.netflix.discovery.DiscoveryClient] DiscoveryClient.java:368 - Initializing Eureka in region us-east-1
2020-05-09 13:29:48,787 [main] INFO  [c.n.discovery.provider.DiscoveryJerseyProvider] DiscoveryJerseyProvider.java:70 - Using JSON encoding codec LegacyJacksonJson
2020-05-09 13:29:48,787 [main] INFO  [c.n.discovery.provider.DiscoveryJerseyProvider] DiscoveryJerseyProvider.java:71 - Using JSON decoding codec LegacyJacksonJson
2020-05-09 13:29:48,988 [main] INFO  [c.n.discovery.provider.DiscoveryJerseyProvider] DiscoveryJerseyProvider.java:80 - Using XML encoding codec XStreamXml
2020-05-09 13:29:48,988 [main] INFO  [c.n.discovery.provider.DiscoveryJerseyProvider] DiscoveryJerseyProvider.java:81 - Using XML decoding codec XStreamXml
2020-05-09 13:29:49,192 [main] INFO  [c.n.d.shared.resolver.aws.ConfigClusterResolver] ConfigClusterResolver.java:43 - Resolving eureka endpoints via configuration
2020-05-09 13:29:49,209 [main] INFO  [com.netflix.discovery.DiscoveryClient] DiscoveryClient.java:981 - Disable delta property : false
2020-05-09 13:29:49,209 [main] INFO  [com.netflix.discovery.DiscoveryClient] DiscoveryClient.java:982 - Single vip registry refresh property : null
2020-05-09 13:29:49,209 [main] INFO  [com.netflix.discovery.DiscoveryClient] DiscoveryClient.java:983 - Force full registry fetch : false
2020-05-09 13:29:49,209 [main] INFO  [com.netflix.discovery.DiscoveryClient] DiscoveryClient.java:984 - Application is null : false
2020-05-09 13:29:49,210 [main] INFO  [com.netflix.discovery.DiscoveryClient] DiscoveryClient.java:985 - Registered Applications size is zero : true
2020-05-09 13:29:49,210 [main] INFO  [com.netflix.discovery.DiscoveryClient] DiscoveryClient.java:987 - Application version is -1: true
2020-05-09 13:29:49,210 [main] INFO  [com.netflix.discovery.DiscoveryClient] DiscoveryClient.java:1070 - Getting all instance registry info from the eureka server
2020-05-09 13:29:49,264 [main] WARN  [c.n.d.s.t.decorator.RetryableEurekaHttpClient] RetryableEurekaHttpClient.java:130 - Request execution failed with message: java.net.ConnectException: Connection refused (Connection refused)
2020-05-09 13:29:49,266 [main] WARN  [com.netflix.discovery.DiscoveryClient] DiscoveryClient.java:300 - Using default backup registry implementation which does not do anything.
2020-05-09 13:29:49,267 [main] INFO  [com.netflix.discovery.DiscoveryClient] DiscoveryClient.java:1294 - Starting heartbeat executor: renew interval is: 30
2020-05-09 13:29:49,269 [main] INFO  [com.netflix.discovery.InstanceInfoReplicator] InstanceInfoReplicator.java:60 - InstanceInfoReplicator onDemand update allowed rate per min is 4
2020-05-09 13:29:49,272 [main] INFO  [com.netflix.discovery.DiscoveryClient] DiscoveryClient.java:468 - Discovery Client initialized at timestamp 1589002189271 with initial instances count: 0
2020-05-09 13:29:49,278 [main] INFO  [o.s.c.n.e.serviceregistry.EurekaServiceRegistry] EurekaServiceRegistry.java:41 - Registering application ADMIN with eureka with status UP
2020-05-09 13:29:49,279 [main] INFO  [com.netflix.discovery.DiscoveryClient] DiscoveryClient.java:1330 - Saw local status change event StatusChangeEvent [timestamp=1589002189279, current=UP, previous=STARTING]
2020-05-09 13:29:49,281 [DiscoveryClient-InstanceInfoReplicator-0] INFO  [com.netflix.discovery.DiscoveryClient] DiscoveryClient.java:847 - DiscoveryClient_ADMIN/192.168.199.215:admin:8080: registering service...
2020-05-09 13:29:49,281 [main] INFO  [s.d.s.web.plugins.DocumentationPluginsBootstrapper] DocumentationPluginsBootstrapper.java:147 - Context refreshed
2020-05-09 13:29:49,288 [DiscoveryClient-InstanceInfoReplicator-0] WARN  [c.n.d.s.t.decorator.RetryableEurekaHttpClient] RetryableEurekaHttpClient.java:130 - Request execution failed with message: java.net.ConnectException: Connection refused (Connection refused)
2020-05-09 13:29:49,288 [DiscoveryClient-InstanceInfoReplicator-0] WARN  [com.netflix.discovery.DiscoveryClient] DiscoveryClient.java:852 - DiscoveryClient_ADMIN/192.168.199.215:admin:8080 - registration failed Cannot execute request on any known server
com.netflix.discovery.shared.transport.TransportException: Cannot execute request on any known server
	at com.netflix.discovery.shared.transport.decorator.RetryableEurekaHttpClient.execute(RetryableEurekaHttpClient.java:112)
	at com.netflix.discovery.shared.transport.decorator.EurekaHttpClientDecorator.register(EurekaHttpClientDecorator.java:56)
	at com.netflix.discovery.shared.transport.decorator.EurekaHttpClientDecorator$1.execute(EurekaHttpClientDecorator.java:59)
	at com.netflix.discovery.shared.transport.decorator.SessionedEurekaHttpClient.execute(SessionedEurekaHttpClient.java:77)
	at com.netflix.discovery.shared.transport.decorator.EurekaHttpClientDecorator.register(EurekaHttpClientDecorator.java:56)
	at com.netflix.discovery.DiscoveryClient.register(DiscoveryClient.java:850)
	at com.netflix.discovery.InstanceInfoReplicator.run(InstanceInfoReplicator.java:121)
	at com.netflix.discovery.InstanceInfoReplicator$1.run(InstanceInfoReplicator.java:101)
	at java.util.concurrent.Executors$RunnableAdapter.call(Executors.java:511)
	at java.util.concurrent.FutureTask.run(FutureTask.java:266)
	at java.util.concurrent.ScheduledThreadPoolExecutor$ScheduledFutureTask.access$201(ScheduledThreadPoolExecutor.java:180)
	at java.util.concurrent.ScheduledThreadPoolExecutor$ScheduledFutureTask.run(ScheduledThreadPoolExecutor.java:293)
	at java.util.concurrent.ThreadPoolExecutor.runWorker(ThreadPoolExecutor.java:1149)
	at java.util.concurrent.ThreadPoolExecutor$Worker.run(ThreadPoolExecutor.java:624)
	at java.lang.Thread.run(Thread.java:748)
2020-05-09 13:29:49,289 [DiscoveryClient-InstanceInfoReplicator-0] WARN  [com.netflix.discovery.InstanceInfoReplicator] InstanceInfoReplicator.java:125 - There was a problem with the instance info replicator
com.netflix.discovery.shared.transport.TransportException: Cannot execute request on any known server
	at com.netflix.discovery.shared.transport.decorator.RetryableEurekaHttpClient.execute(RetryableEurekaHttpClient.java:112)
	at com.netflix.discovery.shared.transport.decorator.EurekaHttpClientDecorator.register(EurekaHttpClientDecorator.java:56)
	at com.netflix.discovery.shared.transport.decorator.EurekaHttpClientDecorator$1.execute(EurekaHttpClientDecorator.java:59)
	at com.netflix.discovery.shared.transport.decorator.SessionedEurekaHttpClient.execute(SessionedEurekaHttpClient.java:77)
	at com.netflix.discovery.shared.transport.decorator.EurekaHttpClientDecorator.register(EurekaHttpClientDecorator.java:56)
	at com.netflix.discovery.DiscoveryClient.register(DiscoveryClient.java:850)
	at com.netflix.discovery.InstanceInfoReplicator.run(InstanceInfoReplicator.java:121)
	at com.netflix.discovery.InstanceInfoReplicator$1.run(InstanceInfoReplicator.java:101)
	at java.util.concurrent.Executors$RunnableAdapter.call(Executors.java:511)
	at java.util.concurrent.FutureTask.run(FutureTask.java:266)
	at java.util.concurrent.ScheduledThreadPoolExecutor$ScheduledFutureTask.access$201(ScheduledThreadPoolExecutor.java:180)
	at java.util.concurrent.ScheduledThreadPoolExecutor$ScheduledFutureTask.run(ScheduledThreadPoolExecutor.java:293)
	at java.util.concurrent.ThreadPoolExecutor.runWorker(ThreadPoolExecutor.java:1149)
	at java.util.concurrent.ThreadPoolExecutor$Worker.run(ThreadPoolExecutor.java:624)
	at java.lang.Thread.run(Thread.java:748)
2020-05-09 13:29:49,298 [main] INFO  [s.d.s.web.plugins.DocumentationPluginsBootstrapper] DocumentationPluginsBootstrapper.java:150 - Found 1 custom documentation plugin(s)
2020-05-09 13:29:49,342 [main] INFO  [s.d.spring.web.scanners.ApiListingReferenceScanner] ApiListingReferenceScanner.java:41 - Scanning for api listing references
2020-05-09 13:29:49,620 [main] INFO  [o.s.boot.web.embedded.tomcat.TomcatWebServer] TomcatWebServer.java:204 - Tomcat started on port(s): 8080 (http) with context path ''
2020-05-09 13:29:49,621 [main] INFO  [o.s.c.n.e.s.EurekaAutoServiceRegistration] EurekaAutoServiceRegistration.java:145 - Updating port to 8080
2020-05-09 13:29:49,624 [main] INFO  [com.keeper.national.admin.AdminApplication] StartupInfoLogger.java:61 - Started AdminApplication in 9.392 seconds (JVM running for 10.302)
2020-05-09 13:30:19,269 [DiscoveryClient-CacheRefreshExecutor-0] INFO  [com.netflix.discovery.DiscoveryClient] DiscoveryClient.java:981 - Disable delta property : false
2020-05-09 13:30:19,270 [DiscoveryClient-CacheRefreshExecutor-0] INFO  [com.netflix.discovery.DiscoveryClient] DiscoveryClient.java:982 - Single vip registry refresh property : null
2020-05-09 13:30:19,270 [DiscoveryClient-CacheRefreshExecutor-0] INFO  [com.netflix.discovery.DiscoveryClient] DiscoveryClient.java:983 - Force full registry fetch : false
2020-05-09 13:30:19,270 [DiscoveryClient-CacheRefreshExecutor-0] INFO  [com.netflix.discovery.DiscoveryClient] DiscoveryClient.java:984 - Application is null : false
2020-05-09 13:30:19,270 [DiscoveryClient-CacheRefreshExecutor-0] INFO  [com.netflix.discovery.DiscoveryClient] DiscoveryClient.java:985 - Registered Applications size is zero : true
2020-05-09 13:30:19,270 [DiscoveryClient-CacheRefreshExecutor-0] INFO  [com.netflix.discovery.DiscoveryClient] DiscoveryClient.java:987 - Application version is -1: true
2020-05-09 13:30:19,270 [DiscoveryClient-CacheRefreshExecutor-0] INFO  [com.netflix.discovery.DiscoveryClient] DiscoveryClient.java:1070 - Getting all instance registry info from the eureka server
2020-05-09 13:30:19,272 [DiscoveryClient-CacheRefreshExecutor-0] WARN  [c.n.d.s.t.decorator.RetryableEurekaHttpClient] RetryableEurekaHttpClient.java:130 - Request execution failed with message: java.net.ConnectException: Connection refused (Connection refused)
2020-05-09 13:30:19,272 [DiscoveryClient-HeartbeatExecutor-0] WARN  [c.n.d.s.t.decorator.RetryableEurekaHttpClient] RetryableEurekaHttpClient.java:130 - Request execution failed with message: java.net.ConnectException: Connection refused (Connection refused)
2020-05-09 13:30:19,291 [DiscoveryClient-InstanceInfoReplicator-0] INFO  [com.netflix.discovery.DiscoveryClient] DiscoveryClient.java:847 - DiscoveryClient_ADMIN/192.168.199.215:admin:8080: registering service...
2020-05-09 13:30:19,293 [DiscoveryClient-InstanceInfoReplicator-0] WARN  [c.n.d.s.t.decorator.RetryableEurekaHttpClient] RetryableEurekaHttpClient.java:130 - Request execution failed with message: java.net.ConnectException: Connection refused (Connection refused)
2020-05-09 13:30:19,293 [DiscoveryClient-InstanceInfoReplicator-0] WARN  [com.netflix.discovery.DiscoveryClient] DiscoveryClient.java:852 - DiscoveryClient_ADMIN/192.168.199.215:admin:8080 - registration failed Cannot execute request on any known server
com.netflix.discovery.shared.transport.TransportException: Cannot execute request on any known server
	at com.netflix.discovery.shared.transport.decorator.RetryableEurekaHttpClient.execute(RetryableEurekaHttpClient.java:112)
	at com.netflix.discovery.shared.transport.decorator.EurekaHttpClientDecorator.register(EurekaHttpClientDecorator.java:56)
	at com.netflix.discovery.shared.transport.decorator.EurekaHttpClientDecorator$1.execute(EurekaHttpClientDecorator.java:59)
	at com.netflix.discovery.shared.transport.decorator.SessionedEurekaHttpClient.execute(SessionedEurekaHttpClient.java:77)
	at com.netflix.discovery.shared.transport.decorator.EurekaHttpClientDecorator.register(EurekaHttpClientDecorator.java:56)
	at com.netflix.discovery.DiscoveryClient.register(DiscoveryClient.java:850)
	at com.netflix.discovery.InstanceInfoReplicator.run(InstanceInfoReplicator.java:121)
	at java.util.concurrent.Executors$RunnableAdapter.call(Executors.java:511)
	at java.util.concurrent.FutureTask.run(FutureTask.java:266)
	at java.util.concurrent.ScheduledThreadPoolExecutor$ScheduledFutureTask.access$201(ScheduledThreadPoolExecutor.java:180)
	at java.util.concurrent.ScheduledThreadPoolExecutor$ScheduledFutureTask.run(ScheduledThreadPoolExecutor.java:293)
	at java.util.concurrent.ThreadPoolExecutor.runWorker(ThreadPoolExecutor.java:1149)
	at java.util.concurrent.ThreadPoolExecutor$Worker.run(ThreadPoolExecutor.java:624)
	at java.lang.Thread.run(Thread.java:748)
2020-05-09 13:30:19,293 [DiscoveryClient-InstanceInfoReplicator-0] WARN  [com.netflix.discovery.InstanceInfoReplicator] InstanceInfoReplicator.java:125 - There was a problem with the instance info replicator
com.netflix.discovery.shared.transport.TransportException: Cannot execute request on any known server
	at com.netflix.discovery.shared.transport.decorator.RetryableEurekaHttpClient.execute(RetryableEurekaHttpClient.java:112)
	at com.netflix.discovery.shared.transport.decorator.EurekaHttpClientDecorator.register(EurekaHttpClientDecorator.java:56)
	at com.netflix.discovery.shared.transport.decorator.EurekaHttpClientDecorator$1.execute(EurekaHttpClientDecorator.java:59)
	at com.netflix.discovery.shared.transport.decorator.SessionedEurekaHttpClient.execute(SessionedEurekaHttpClient.java:77)
	at com.netflix.discovery.shared.transport.decorator.EurekaHttpClientDecorator.register(EurekaHttpClientDecorator.java:56)
	at com.netflix.discovery.DiscoveryClient.register(DiscoveryClient.java:850)
	at com.netflix.discovery.InstanceInfoReplicator.run(InstanceInfoReplicator.java:121)
	at java.util.concurrent.Executors$RunnableAdapter.call(Executors.java:511)
	at java.util.concurrent.FutureTask.run(FutureTask.java:266)
	at java.util.concurrent.ScheduledThreadPoolExecutor$ScheduledFutureTask.access$201(ScheduledThreadPoolExecutor.java:180)
	at java.util.concurrent.ScheduledThreadPoolExecutor$ScheduledFutureTask.run(ScheduledThreadPoolExecutor.java:293)
	at java.util.concurrent.ThreadPoolExecutor.runWorker(ThreadPoolExecutor.java:1149)
	at java.util.concurrent.ThreadPoolExecutor$Worker.run(ThreadPoolExecutor.java:624)
	at java.lang.Thread.run(Thread.java:748)
2020-05-09 13:30:49,275 [DiscoveryClient-CacheRefreshExecutor-0] INFO  [com.netflix.discovery.DiscoveryClient] DiscoveryClient.java:981 - Disable delta property : false
2020-05-09 13:30:49,275 [DiscoveryClient-CacheRefreshExecutor-0] INFO  [com.netflix.discovery.DiscoveryClient] DiscoveryClient.java:982 - Single vip registry refresh property : null
2020-05-09 13:30:49,275 [DiscoveryClient-CacheRefreshExecutor-0] INFO  [com.netflix.discovery.DiscoveryClient] DiscoveryClient.java:983 - Force full registry fetch : false
2020-05-09 13:30:49,275 [DiscoveryClient-CacheRefreshExecutor-0] INFO  [com.netflix.discovery.DiscoveryClient] DiscoveryClient.java:984 - Application is null : false
2020-05-09 13:30:49,276 [DiscoveryClient-CacheRefreshExecutor-0] INFO  [com.netflix.discovery.DiscoveryClient] DiscoveryClient.java:985 - Registered Applications size is zero : true
2020-05-09 13:30:49,276 [DiscoveryClient-CacheRefreshExecutor-0] INFO  [com.netflix.discovery.DiscoveryClient] DiscoveryClient.java:987 - Application version is -1: true
2020-05-09 13:30:49,276 [DiscoveryClient-CacheRefreshExecutor-0] INFO  [com.netflix.discovery.DiscoveryClient] DiscoveryClient.java:1070 - Getting all instance registry info from the eureka server
2020-05-09 13:30:49,277 [DiscoveryClient-HeartbeatExecutor-0] WARN  [c.n.d.s.t.decorator.RetryableEurekaHttpClient] RetryableEurekaHttpClient.java:130 - Request execution failed with message: java.net.ConnectException: Connection refused (Connection refused)
2020-05-09 13:30:49,277 [DiscoveryClient-CacheRefreshExecutor-0] WARN  [c.n.d.s.t.decorator.RetryableEurekaHttpClient] RetryableEurekaHttpClient.java:130 - Request execution failed with message: java.net.ConnectException: Connection refused (Connection refused)
2020-05-09 13:30:49,294 [DiscoveryClient-InstanceInfoReplicator-0] INFO  [com.netflix.discovery.DiscoveryClient] DiscoveryClient.java:847 - DiscoveryClient_ADMIN/192.168.199.215:admin:8080: registering service...
2020-05-09 13:30:49,296 [DiscoveryClient-InstanceInfoReplicator-0] WARN  [c.n.d.s.t.decorator.RetryableEurekaHttpClient] RetryableEurekaHttpClient.java:130 - Request execution failed with message: java.net.ConnectException: Connection refused (Connection refused)
2020-05-09 13:30:49,296 [DiscoveryClient-InstanceInfoReplicator-0] WARN  [com.netflix.discovery.DiscoveryClient] DiscoveryClient.java:852 - DiscoveryClient_ADMIN/192.168.199.215:admin:8080 - registration failed Cannot execute request on any known server
com.netflix.discovery.shared.transport.TransportException: Cannot execute request on any known server
	at com.netflix.discovery.shared.transport.decorator.RetryableEurekaHttpClient.execute(RetryableEurekaHttpClient.java:112)
	at com.netflix.discovery.shared.transport.decorator.EurekaHttpClientDecorator.register(EurekaHttpClientDecorator.java:56)
	at com.netflix.discovery.shared.transport.decorator.EurekaHttpClientDecorator$1.execute(EurekaHttpClientDecorator.java:59)
	at com.netflix.discovery.shared.transport.decorator.SessionedEurekaHttpClient.execute(SessionedEurekaHttpClient.java:77)
	at com.netflix.discovery.shared.transport.decorator.EurekaHttpClientDecorator.register(EurekaHttpClientDecorator.java:56)
	at com.netflix.discovery.DiscoveryClient.register(DiscoveryClient.java:850)
	at com.netflix.discovery.InstanceInfoReplicator.run(InstanceInfoReplicator.java:121)
	at java.util.concurrent.Executors$RunnableAdapter.call(Executors.java:511)
	at java.util.concurrent.FutureTask.run(FutureTask.java:266)
	at java.util.concurrent.ScheduledThreadPoolExecutor$ScheduledFutureTask.access$201(ScheduledThreadPoolExecutor.java:180)
	at java.util.concurrent.ScheduledThreadPoolExecutor$ScheduledFutureTask.run(ScheduledThreadPoolExecutor.java:293)
	at java.util.concurrent.ThreadPoolExecutor.runWorker(ThreadPoolExecutor.java:1149)
	at java.util.concurrent.ThreadPoolExecutor$Worker.run(ThreadPoolExecutor.java:624)
	at java.lang.Thread.run(Thread.java:748)
2020-05-09 13:30:49,296 [DiscoveryClient-InstanceInfoReplicator-0] WARN  [com.netflix.discovery.InstanceInfoReplicator] InstanceInfoReplicator.java:125 - There was a problem with the instance info replicator
com.netflix.discovery.shared.transport.TransportException: Cannot execute request on any known server
	at com.netflix.discovery.shared.transport.decorator.RetryableEurekaHttpClient.execute(RetryableEurekaHttpClient.java:112)
	at com.netflix.discovery.shared.transport.decorator.EurekaHttpClientDecorator.register(EurekaHttpClientDecorator.java:56)
	at com.netflix.discovery.shared.transport.decorator.EurekaHttpClientDecorator$1.execute(EurekaHttpClientDecorator.java:59)
	at com.netflix.discovery.shared.transport.decorator.SessionedEurekaHttpClient.execute(SessionedEurekaHttpClient.java:77)
	at com.netflix.discovery.shared.transport.decorator.EurekaHttpClientDecorator.register(EurekaHttpClientDecorator.java:56)
	at com.netflix.discovery.DiscoveryClient.register(DiscoveryClient.java:850)
	at com.netflix.discovery.InstanceInfoReplicator.run(InstanceInfoReplicator.java:121)
	at java.util.concurrent.Executors$RunnableAdapter.call(Executors.java:511)
	at java.util.concurrent.FutureTask.run(FutureTask.java:266)
	at java.util.concurrent.ScheduledThreadPoolExecutor$ScheduledFutureTask.access$201(ScheduledThreadPoolExecutor.java:180)
	at java.util.concurrent.ScheduledThreadPoolExecutor$ScheduledFutureTask.run(ScheduledThreadPoolExecutor.java:293)
	at java.util.concurrent.ThreadPoolExecutor.runWorker(ThreadPoolExecutor.java:1149)
	at java.util.concurrent.ThreadPoolExecutor$Worker.run(ThreadPoolExecutor.java:624)
	at java.lang.Thread.run(Thread.java:748)
2020-05-09 13:30:53,494 [SpringContextShutdownHook] INFO  [o.s.c.n.e.serviceregistry.EurekaServiceRegistry] EurekaServiceRegistry.java:65 - Unregistering application ADMIN with eureka with status DOWN
2020-05-09 13:30:53,495 [SpringContextShutdownHook] WARN  [com.netflix.discovery.DiscoveryClient] DiscoveryClient.java:1328 - Saw local status change event StatusChangeEvent [timestamp=1589002253495, current=DOWN, previous=UP]
2020-05-09 13:30:53,495 [DiscoveryClient-InstanceInfoReplicator-0] INFO  [com.netflix.discovery.DiscoveryClient] DiscoveryClient.java:847 - DiscoveryClient_ADMIN/192.168.199.215:admin:8080: registering service...
2020-05-09 13:30:53,497 [DiscoveryClient-InstanceInfoReplicator-0] WARN  [c.n.d.s.t.decorator.RetryableEurekaHttpClient] RetryableEurekaHttpClient.java:130 - Request execution failed with message: java.net.ConnectException: Connection refused (Connection refused)
2020-05-09 13:30:53,497 [DiscoveryClient-InstanceInfoReplicator-0] WARN  [com.netflix.discovery.DiscoveryClient] DiscoveryClient.java:852 - DiscoveryClient_ADMIN/192.168.199.215:admin:8080 - registration failed Cannot execute request on any known server
com.netflix.discovery.shared.transport.TransportException: Cannot execute request on any known server
	at com.netflix.discovery.shared.transport.decorator.RetryableEurekaHttpClient.execute(RetryableEurekaHttpClient.java:112)
	at com.netflix.discovery.shared.transport.decorator.EurekaHttpClientDecorator.register(EurekaHttpClientDecorator.java:56)
	at com.netflix.discovery.shared.transport.decorator.EurekaHttpClientDecorator$1.execute(EurekaHttpClientDecorator.java:59)
	at com.netflix.discovery.shared.transport.decorator.SessionedEurekaHttpClient.execute(SessionedEurekaHttpClient.java:77)
	at com.netflix.discovery.shared.transport.decorator.EurekaHttpClientDecorator.register(EurekaHttpClientDecorator.java:56)
	at com.netflix.discovery.DiscoveryClient.register(DiscoveryClient.java:850)
	at com.netflix.discovery.InstanceInfoReplicator.run(InstanceInfoReplicator.java:121)
	at com.netflix.discovery.InstanceInfoReplicator$1.run(InstanceInfoReplicator.java:101)
	at java.util.concurrent.Executors$RunnableAdapter.call(Executors.java:511)
	at java.util.concurrent.FutureTask.run(FutureTask.java:266)
	at java.util.concurrent.ScheduledThreadPoolExecutor$ScheduledFutureTask.access$201(ScheduledThreadPoolExecutor.java:180)
	at java.util.concurrent.ScheduledThreadPoolExecutor$ScheduledFutureTask.run(ScheduledThreadPoolExecutor.java:293)
	at java.util.concurrent.ThreadPoolExecutor.runWorker(ThreadPoolExecutor.java:1149)
	at java.util.concurrent.ThreadPoolExecutor$Worker.run(ThreadPoolExecutor.java:624)
	at java.lang.Thread.run(Thread.java:748)
2020-05-09 13:30:53,497 [DiscoveryClient-InstanceInfoReplicator-0] WARN  [com.netflix.discovery.InstanceInfoReplicator] InstanceInfoReplicator.java:125 - There was a problem with the instance info replicator
com.netflix.discovery.shared.transport.TransportException: Cannot execute request on any known server
	at com.netflix.discovery.shared.transport.decorator.RetryableEurekaHttpClient.execute(RetryableEurekaHttpClient.java:112)
	at com.netflix.discovery.shared.transport.decorator.EurekaHttpClientDecorator.register(EurekaHttpClientDecorator.java:56)
	at com.netflix.discovery.shared.transport.decorator.EurekaHttpClientDecorator$1.execute(EurekaHttpClientDecorator.java:59)
	at com.netflix.discovery.shared.transport.decorator.SessionedEurekaHttpClient.execute(SessionedEurekaHttpClient.java:77)
	at com.netflix.discovery.shared.transport.decorator.EurekaHttpClientDecorator.register(EurekaHttpClientDecorator.java:56)
	at com.netflix.discovery.DiscoveryClient.register(DiscoveryClient.java:850)
	at com.netflix.discovery.InstanceInfoReplicator.run(InstanceInfoReplicator.java:121)
	at com.netflix.discovery.InstanceInfoReplicator$1.run(InstanceInfoReplicator.java:101)
	at java.util.concurrent.Executors$RunnableAdapter.call(Executors.java:511)
	at java.util.concurrent.FutureTask.run(FutureTask.java:266)
	at java.util.concurrent.ScheduledThreadPoolExecutor$ScheduledFutureTask.access$201(ScheduledThreadPoolExecutor.java:180)
	at java.util.concurrent.ScheduledThreadPoolExecutor$ScheduledFutureTask.run(ScheduledThreadPoolExecutor.java:293)
	at java.util.concurrent.ThreadPoolExecutor.runWorker(ThreadPoolExecutor.java:1149)
	at java.util.concurrent.ThreadPoolExecutor$Worker.run(ThreadPoolExecutor.java:624)
	at java.lang.Thread.run(Thread.java:748)
2020-05-09 13:30:53,504 [SpringContextShutdownHook] INFO  [o.s.scheduling.concurrent.ThreadPoolTaskExecutor] ExecutorConfigurationSupport.java:218 - Shutting down ExecutorService 'applicationTaskExecutor'
2020-05-09 13:30:53,545 [SpringContextShutdownHook] INFO  [com.zaxxer.hikari.HikariDataSource] HikariDataSource.java:350 - HikariPool-1 - Shutdown initiated...
2020-05-09 13:30:53,559 [SpringContextShutdownHook] INFO  [com.zaxxer.hikari.HikariDataSource] HikariDataSource.java:352 - HikariPool-1 - Shutdown completed.
2020-05-09 13:30:53,560 [SpringContextShutdownHook] INFO  [com.zaxxer.hikari.HikariDataSource] HikariDataSource.java:350 - HikariPool-2 - Shutdown initiated...
2020-05-09 13:30:53,565 [SpringContextShutdownHook] INFO  [com.zaxxer.hikari.HikariDataSource] HikariDataSource.java:352 - HikariPool-2 - Shutdown completed.
2020-05-09 13:30:53,567 [SpringContextShutdownHook] INFO  [com.netflix.discovery.DiscoveryClient] DiscoveryClient.java:909 - Shutting down DiscoveryClient ...
2020-05-09 13:30:56,572 [SpringContextShutdownHook] INFO  [com.netflix.discovery.DiscoveryClient] DiscoveryClient.java:945 - Unregistering ...
2020-05-09 13:30:56,575 [SpringContextShutdownHook] WARN  [c.n.d.s.t.decorator.RetryableEurekaHttpClient] RetryableEurekaHttpClient.java:130 - Request execution failed with message: java.net.ConnectException: Connection refused (Connection refused)
2020-05-09 13:30:56,590 [SpringContextShutdownHook] INFO  [com.netflix.discovery.DiscoveryClient] DiscoveryClient.java:934 - Completed shut down of DiscoveryClient
2020-05-09 13:31:04,902 [main] INFO  [com.keeper.national.admin.AdminApplication] StartupInfoLogger.java:55 - Starting AdminApplication on mayongzhendeMacBook-Pro.local with PID 921 (/Users/mayongzhen/macgit/branch/sunshine/admin/target/classes started by mayongzhen in /Users/mayongzhen/macgit/branch/sunshine)
2020-05-09 13:31:04,906 [main] INFO  [com.keeper.national.admin.AdminApplication] SpringApplication.java:655 - The following profiles are active: dev
2020-05-09 13:31:05,875 [main] INFO  [o.s.d.r.config.RepositoryConfigurationDelegate] RepositoryConfigurationDelegate.java:249 - Multiple Spring Data modules found, entering strict repository configuration mode!
2020-05-09 13:31:05,876 [main] INFO  [o.s.d.r.config.RepositoryConfigurationDelegate] RepositoryConfigurationDelegate.java:127 - Bootstrapping Spring Data Elasticsearch repositories in DEFAULT mode.
2020-05-09 13:31:05,931 [main] INFO  [o.s.d.r.config.RepositoryConfigurationDelegate] RepositoryConfigurationDelegate.java:187 - Finished Spring Data repository scanning in 51ms. Found 1 Elasticsearch repository interfaces.
2020-05-09 13:31:05,936 [main] INFO  [o.s.d.r.config.RepositoryConfigurationDelegate] RepositoryConfigurationDelegate.java:249 - Multiple Spring Data modules found, entering strict repository configuration mode!
2020-05-09 13:31:05,936 [main] INFO  [o.s.d.r.config.RepositoryConfigurationDelegate] RepositoryConfigurationDelegate.java:127 - Bootstrapping Spring Data Reactive Elasticsearch repositories in DEFAULT mode.
2020-05-09 13:31:05,944 [main] INFO  [o.s.d.r.config.RepositoryConfigurationDelegate] RepositoryConfigurationDelegate.java:187 - Finished Spring Data repository scanning in 7ms. Found 0 Reactive Elasticsearch repository interfaces.
2020-05-09 13:31:05,957 [main] INFO  [o.s.d.r.config.RepositoryConfigurationDelegate] RepositoryConfigurationDelegate.java:249 - Multiple Spring Data modules found, entering strict repository configuration mode!
2020-05-09 13:31:05,958 [main] INFO  [o.s.d.r.config.RepositoryConfigurationDelegate] RepositoryConfigurationDelegate.java:127 - Bootstrapping Spring Data Redis repositories in DEFAULT mode.
2020-05-09 13:31:05,969 [main] INFO  [o.s.d.r.c.RepositoryConfigurationExtensionSupport] RepositoryConfigurationExtensionSupport.java:348 - Spring Data Redis - Could not safely identify store assignment for repository candidate interface com.keeper.national.admin.repository.EsRepository. If you want this repository to be a Redis repository, consider annotating your entities with one of these annotations: org.springframework.data.redis.core.RedisHash (preferred), or consider extending one of the following types with your repository: org.springframework.data.keyvalue.repository.KeyValueRepository.
2020-05-09 13:31:05,969 [main] INFO  [o.s.d.r.config.RepositoryConfigurationDelegate] RepositoryConfigurationDelegate.java:187 - Finished Spring Data repository scanning in 4ms. Found 0 Redis repository interfaces.
2020-05-09 13:31:06,704 [main] INFO  [o.s.boot.web.embedded.tomcat.TomcatWebServer] TomcatWebServer.java:92 - Tomcat initialized with port(s): 8080 (http)
2020-05-09 13:31:06,712 [main] INFO  [org.apache.catalina.core.StandardService] DirectJDKLog.java:173 - Starting service [Tomcat]
2020-05-09 13:31:06,713 [main] INFO  [org.apache.catalina.core.StandardEngine] DirectJDKLog.java:173 - Starting Servlet engine: [Apache Tomcat/9.0.33]
2020-05-09 13:31:06,798 [main] INFO  [o.a.c.core.ContainerBase.[Tomcat].[localhost].[/]] DirectJDKLog.java:173 - Initializing Spring embedded WebApplicationContext
2020-05-09 13:31:06,799 [main] INFO  [org.springframework.web.context.ContextLoader] ServletWebServerApplicationContext.java:284 - Root WebApplicationContext: initialization completed in 1713 ms
2020-05-09 13:31:07,271 [main] INFO  [com.zaxxer.hikari.HikariDataSource] HikariDataSource.java:110 - HikariPool-1 - Starting...
2020-05-09 13:31:07,400 [main] INFO  [com.zaxxer.hikari.HikariDataSource] HikariDataSource.java:123 - HikariPool-1 - Start completed.
2020-05-09 13:31:07,410 [main] INFO  [com.zaxxer.hikari.HikariDataSource] HikariDataSource.java:110 - HikariPool-2 - Starting...
2020-05-09 13:31:07,416 [main] INFO  [com.zaxxer.hikari.HikariDataSource] HikariDataSource.java:123 - HikariPool-2 - Start completed.
2020-05-09 13:31:08,339 [main] INFO  [org.elasticsearch.plugins.PluginsService] PluginsService.java:197 - no modules loaded
2020-05-09 13:31:08,340 [main] INFO  [org.elasticsearch.plugins.PluginsService] PluginsService.java:200 - loaded plugin [org.elasticsearch.index.reindex.ReindexPlugin]
2020-05-09 13:31:08,340 [main] INFO  [org.elasticsearch.plugins.PluginsService] PluginsService.java:200 - loaded plugin [org.elasticsearch.join.ParentJoinPlugin]
2020-05-09 13:31:08,341 [main] INFO  [org.elasticsearch.plugins.PluginsService] PluginsService.java:200 - loaded plugin [org.elasticsearch.percolator.PercolatorPlugin]
2020-05-09 13:31:08,341 [main] INFO  [org.elasticsearch.plugins.PluginsService] PluginsService.java:200 - loaded plugin [org.elasticsearch.script.mustache.MustachePlugin]
2020-05-09 13:31:08,341 [main] INFO  [org.elasticsearch.plugins.PluginsService] PluginsService.java:200 - loaded plugin [org.elasticsearch.transport.Netty4Plugin]
2020-05-09 13:31:09,002 [main] INFO  [org.elasticsearch.plugins.PluginsService] PluginsService.java:197 - no modules loaded
2020-05-09 13:31:09,003 [main] INFO  [org.elasticsearch.plugins.PluginsService] PluginsService.java:200 - loaded plugin [org.elasticsearch.index.reindex.ReindexPlugin]
2020-05-09 13:31:09,003 [main] INFO  [org.elasticsearch.plugins.PluginsService] PluginsService.java:200 - loaded plugin [org.elasticsearch.join.ParentJoinPlugin]
2020-05-09 13:31:09,003 [main] INFO  [org.elasticsearch.plugins.PluginsService] PluginsService.java:200 - loaded plugin [org.elasticsearch.percolator.PercolatorPlugin]
2020-05-09 13:31:09,004 [main] INFO  [org.elasticsearch.plugins.PluginsService] PluginsService.java:200 - loaded plugin [org.elasticsearch.script.mustache.MustachePlugin]
2020-05-09 13:31:09,004 [main] INFO  [org.elasticsearch.plugins.PluginsService] PluginsService.java:200 - loaded plugin [org.elasticsearch.transport.Netty4Plugin]
2020-05-09 13:31:09,102 [main] INFO  [o.s.d.e.client.TransportClientFactoryBean] TransportClientFactoryBean.java:88 - Adding transport node : 127.0.0.1:9300
2020-05-09 13:31:09,595 [main] INFO  [s.d.s.w.PropertySourcedRequestMappingHandlerMapping] PropertySourcedRequestMappingHandlerMapping.java:69 - Mapped URL path [/v2/api-docs] onto method [springfox.documentation.swagger2.web.Swagger2Controller#getDocumentation(String, HttpServletRequest)]
2020-05-09 13:31:09,803 [main] INFO  [o.s.scheduling.concurrent.ThreadPoolTaskExecutor] ExecutorConfigurationSupport.java:181 - Initializing ExecutorService 'applicationTaskExecutor'
2020-05-09 13:31:10,363 [main] INFO  [s.d.s.web.plugins.DocumentationPluginsBootstrapper] DocumentationPluginsBootstrapper.java:147 - Context refreshed
2020-05-09 13:31:10,377 [main] INFO  [s.d.s.web.plugins.DocumentationPluginsBootstrapper] DocumentationPluginsBootstrapper.java:150 - Found 1 custom documentation plugin(s)
2020-05-09 13:31:10,410 [main] INFO  [s.d.spring.web.scanners.ApiListingReferenceScanner] ApiListingReferenceScanner.java:41 - Scanning for api listing references
2020-05-09 13:31:10,598 [main] INFO  [o.s.boot.web.embedded.tomcat.TomcatWebServer] TomcatWebServer.java:204 - Tomcat started on port(s): 8080 (http) with context path ''
2020-05-09 13:31:10,600 [main] INFO  [com.keeper.national.admin.AdminApplication] StartupInfoLogger.java:61 - Started AdminApplication in 6.33 seconds (JVM running for 6.918)
2020-05-09 13:31:39,246 [SpringContextShutdownHook] INFO  [o.s.scheduling.concurrent.ThreadPoolTaskExecutor] ExecutorConfigurationSupport.java:218 - Shutting down ExecutorService 'applicationTaskExecutor'
2020-05-09 13:31:39,263 [SpringContextShutdownHook] INFO  [com.zaxxer.hikari.HikariDataSource] HikariDataSource.java:350 - HikariPool-1 - Shutdown initiated...
2020-05-09 13:31:39,268 [SpringContextShutdownHook] INFO  [com.zaxxer.hikari.HikariDataSource] HikariDataSource.java:352 - HikariPool-1 - Shutdown completed.
2020-05-09 13:31:39,268 [SpringContextShutdownHook] INFO  [com.zaxxer.hikari.HikariDataSource] HikariDataSource.java:350 - HikariPool-2 - Shutdown initiated...
2020-05-09 13:31:39,269 [SpringContextShutdownHook] INFO  [com.zaxxer.hikari.HikariDataSource] HikariDataSource.java:352 - HikariPool-2 - Shutdown completed.
